<?xml version="1.0" encoding="UTF-8"?>
<!-- Generated by org.testng.reporters.JUnitReportReporter -->
<testsuite hostname="LPT1311-B1" failures="0" tests="1" name="PayloadFromExternalFile" time="2.950" errors="0" timestamp="2025-07-25T14:39:02 IST" skipped="0">
  <testcase classname="PayloadFromExternalFile" name="addBook" time="2.950"/>
</testsuite> <!-- PayloadFromExternalFile -->
