<?xml version="1.0" encoding="UTF-8"?>
<!-- Generated by org.testng.reporters.JUnitReportReporter -->
<testsuite hostname="LPT1311-B1" failures="0" tests="3" name="DynamicJson" time="3.375" errors="0" timestamp="2025-07-25T13:35:34 IST" skipped="0">
  <testcase classname="DynamicJson" name="addBook" time="0.168"/>
  <testcase classname="DynamicJson" name="addBook" time="3.050"/>
  <testcase classname="DynamicJson" name="addBook" time="0.157"/>
</testsuite> <!-- DynamicJson -->
